2013-04-15T05:25:15.116520+00:00 app[web.1]: => Rails 3.2.13 application starting in production on http://0.0.0.0:17576
2013-04-15T05:25:15.116520+00:00 app[web.1]: => Booting WEBrick
2013-04-15T05:25:15.116520+00:00 app[web.1]: => Ctrl-C to shutdown server
2013-04-15T05:25:15.116520+00:00 app[web.1]: Connecting to database specified by DATABASE_URL
2013-04-15T05:25:16.237017+00:00 app[web.1]: [2013-04-15 05:25:16] INFO  ruby 1.9.2 (2011-07-09) [x86_64-linux]
2013-04-15T05:25:16.237017+00:00 app[web.1]: [2013-04-15 05:25:16] INFO  WEBrick 1.3.1
2013-04-15T05:25:16.237017+00:00 app[web.1]: [2013-04-15 05:25:16] INFO  WEBrick::HTTPServer#start: pid=2 port=17576
2013-04-15T05:25:16.595264+00:00 heroku[web.1]: State changed from starting to up
2013-04-15T05:25:17.750342+00:00 heroku[router]: at=info method=GET path=/ host=still-dusk-6068.herokuapp.com fwd="69.201.156.102" dyno=web.1 connect=2ms service=54ms status=200 bytes=5906
2013-04-15T05:25:17.857715+00:00 app[web.1]: Started GET "/assets/rails.png" for 69.201.156.102 at 2013-04-15 05:25:17 +0000
2013-04-15T05:25:17.998716+00:00 heroku[router]: at=info method=GET path=/assets/rails.png host=still-dusk-6068.herokuapp.com fwd="69.201.156.102" dyno=web.1 connect=1ms service=149ms status=404 bytes=728
2013-04-15T05:25:17.997367+00:00 app[web.1]:   vendor/bundle/ruby/1.9.1/gems/actionpack-3.2.13/lib/action_dispatch/middleware/debug_exceptions.rb:21:in `call'
2013-04-15T05:25:17.997367+00:00 app[web.1]:   vendor/bundle/ruby/1.9.1/gems/railties-3.2.13/lib/rails/rack/logger.rb:32:in `call_app'
2013-04-15T05:25:17.997367+00:00 app[web.1]:   vendor/bundle/ruby/1.9.1/gems/activesupport-3.2.13/lib/active_support/tagged_logging.rb:22:in `tagged'
2013-04-15T05:25:17.997367+00:00 app[web.1]:   vendor/bundle/ruby/1.9.1/gems/actionpack-3.2.13/lib/action_dispatch/middleware/show_exceptions.rb:56:in `call'
2013-04-15T05:25:17.997367+00:00 app[web.1]:   vendor/bundle/ruby/1.9.1/gems/railties-3.2.13/lib/rails/rack/logger.rb:16:in `block in call'
2013-04-15T05:25:17.997709+00:00 app[web.1]:   vendor/bundle/ruby/1.9.1/gems/actionpack-3.2.13/lib/action_dispatch/middleware/static.rb:63:in `call'
2013-04-15T05:25:17.997367+00:00 app[web.1]:   vendor/bundle/ruby/1.9.1/gems/actionpack-3.2.13/lib/action_dispatch/middleware/request_id.rb:22:in `call'
2013-04-15T05:25:17.997709+00:00 app[web.1]:   vendor/bundle/ruby/1.9.1/gems/rack-cache-1.2/lib/rack/cache/context.rb:245:in `fetch'
2013-04-15T05:25:17.997709+00:00 app[web.1]:   vendor/bundle/ruby/1.9.1/gems/rack-cache-1.2/lib/rack/cache/context.rb:136:in `forward'
2013-04-15T05:25:17.997367+00:00 app[web.1]: 
2013-04-15T05:25:17.997709+00:00 app[web.1]:   vendor/bundle/ruby/1.9.1/gems/railties-3.2.13/lib/rails/engine.rb:479:in `call'
2013-04-15T05:25:17.997937+00:00 app[web.1]:   vendor/bundle/ruby/1.9.1/gems/rack-1.4.5/lib/rack/content_length.rb:14:in `call'
2013-04-15T05:25:17.997937+00:00 app[web.1]: 
2013-04-15T05:25:17.997709+00:00 app[web.1]:   vendor/bundle/ruby/1.9.1/gems/rack-cache-1.2/lib/rack/cache/context.rb:185:in `lookup'
2013-04-15T05:25:17.997709+00:00 app[web.1]:   vendor/bundle/ruby/1.9.1/gems/rack-cache-1.2/lib/rack/cache/context.rb:51:in `call'
2013-04-15T05:25:17.997367+00:00 app[web.1]: ActionController::RoutingError (No route matches [GET] "/assets/rails.png"):
2013-04-15T05:25:17.997709+00:00 app[web.1]:   vendor/bundle/ruby/1.9.1/gems/rack-cache-1.2/lib/rack/cache/context.rb:66:in `call!'
2013-04-15T05:25:17.997937+00:00 app[web.1]: 
2013-04-15T05:25:17.997367+00:00 app[web.1]:   vendor/bundle/ruby/1.9.1/gems/railties-3.2.13/lib/rails/rack/logger.rb:16:in `call'
2013-04-15T05:25:17.997367+00:00 app[web.1]:   vendor/bundle/ruby/1.9.1/gems/rack-1.4.5/lib/rack/methodoverride.rb:21:in `call'
2013-04-15T05:25:17.997937+00:00 app[web.1]:   /usr/local/lib/ruby/1.9.1/webrick/server.rb:183:in `block in start_thread'
2013-04-15T05:25:17.997937+00:00 app[web.1]:   /usr/local/lib/ruby/1.9.1/webrick/httpserver.rb:70:in `run'
2013-04-15T05:25:17.997709+00:00 app[web.1]:   vendor/bundle/ruby/1.9.1/gems/activesupport-3.2.13/lib/active_support/cache/strategy/local_cache.rb:72:in `call'
2013-04-15T05:25:17.997709+00:00 app[web.1]:   vendor/bundle/ruby/1.9.1/gems/rack-1.4.5/lib/rack/runtime.rb:17:in `call'
2013-04-15T05:25:17.997709+00:00 app[web.1]:   vendor/bundle/ruby/1.9.1/gems/rack-1.4.5/lib/rack/lock.rb:15:in `call'
2013-04-15T05:25:17.997937+00:00 app[web.1]:   vendor/bundle/ruby/1.9.1/gems/railties-3.2.13/lib/rails/application.rb:223:in `call'
2013-04-15T05:25:17.997937+00:00 app[web.1]:   vendor/bundle/ruby/1.9.1/gems/railties-3.2.13/lib/rails/rack/log_tailer.rb:17:in `call'
2013-04-15T05:25:17.997937+00:00 app[web.1]:   vendor/bundle/ruby/1.9.1/gems/rack-1.4.5/lib/rack/handler/webrick.rb:59:in `service'
2013-04-15T05:25:17.997937+00:00 app[web.1]:   /usr/local/lib/ruby/1.9.1/webrick/httpserver.rb:111:in `service'
2013-04-15T05:25:18.041553+00:00 heroku[router]: at=info method=GET path=/favicon.ico host=still-dusk-6068.herokuapp.com fwd="69.201.156.102" dyno=web.1 connect=2ms service=11ms status=200 bytes=0
2013-04-15T05:25:19.420307+00:00 heroku[web.1]: Error R12 (Exit timeout) -> At least one process failed to exit within 10 seconds of SIGTERM
2013-04-15T05:25:19.420401+00:00 heroku[web.1]: Stopping remaining processes with SIGKILL
2013-04-15T05:25:21.583888+00:00 heroku[web.1]: Process exited with status 137
2013-04-15T05:25:22.035553+00:00 app[web.1]: Started GET "/photos" for 69.201.156.102 at 2013-04-15 05:25:22 +0000
2013-04-15T05:25:22.057653+00:00 app[web.1]: Processing by PhotosController#index as HTML
2013-04-15T05:25:22.236483+00:00 app[web.1]: 
2013-04-15T05:25:22.234270+00:00 app[web.1]: Completed 500 Internal Server Error in 177ms
2013-04-15T05:25:22.236483+00:00 app[web.1]:               FROM pg_attribute a LEFT JOIN pg_attrdef d
2013-04-15T05:25:22.236780+00:00 app[web.1]:     17: <div id="container">
2013-04-15T05:25:22.234114+00:00 app[web.1]:   Rendered photos/index.html.erb within layouts/application (123.7ms)
2013-04-15T05:25:22.236483+00:00 app[web.1]: :             SELECT a.attname, format_type(a.atttypid, a.atttypmod),
2013-04-15T05:25:22.237027+00:00 app[web.1]: 
2013-04-15T05:25:22.237027+00:00 app[web.1]: 
2013-04-15T05:25:22.236483+00:00 app[web.1]:                                         ^
2013-04-15T05:25:22.236483+00:00 app[web.1]:                      pg_get_expr(d.adbin, d.adrelid), a.attnotnull, a.atttypid, a.atttypmod
2013-04-15T05:25:22.236483+00:00 app[web.1]:                 ON a.attrelid = d.adrelid AND a.attnum = d.adnum
2013-04-15T05:25:22.236483+00:00 app[web.1]: LINE 5:              WHERE a.attrelid = '"photos"'::regclass
2013-04-15T05:25:22.236780+00:00 app[web.1]:     15: 
2013-04-15T05:25:22.236780+00:00 app[web.1]:     20:   randomRot = 0
2013-04-15T05:25:22.236780+00:00 app[web.1]: ):
2013-04-15T05:25:22.236483+00:00 app[web.1]: ActionView::Template::Error (PG::Error: ERROR:  relation "photos" does not exist
2013-04-15T05:25:22.236780+00:00 app[web.1]:     19: <% 
2013-04-15T05:25:22.236780+00:00 app[web.1]:     21: #   randomRot = rand(-5...5)
2013-04-15T05:25:22.237027+00:00 app[web.1]:   app/controllers/photos_controller.rb:7:in `index'
2013-04-15T05:25:22.236483+00:00 app[web.1]:              WHERE a.attrelid = '"photos"'::regclass
2013-04-15T05:25:22.236780+00:00 app[web.1]:              ORDER BY a.attnum
2013-04-15T05:25:22.236780+00:00 app[web.1]:     18: <% @photos.each do |photo| %>
2013-04-15T05:25:22.236483+00:00 app[web.1]:                AND a.attnum > 0 AND NOT a.attisdropped
2013-04-15T05:25:22.236780+00:00 app[web.1]:     16: </div>
2013-04-15T05:25:22.236780+00:00 app[web.1]:   app/views/photos/index.html.erb:18:in `_app_views_photos_index_html_erb__1395532515624228381_41179980'
2013-04-15T05:25:22.241662+00:00 heroku[router]: at=info method=GET path=/photos host=still-dusk-6068.herokuapp.com fwd="69.201.156.102" dyno=web.1 connect=3ms service=209ms status=500 bytes=643
2013-04-15T05:25:24.453698+00:00 app[web.1]: Started GET "/photos" for 69.201.156.10
2 at 2013-04-15 05:25:24 +0000
2013-04-15T05:25:24.480709+00:00 app[web.1]: Processing by PhotosController#index as HTML
2013-04-15T05:25:24.488114+00:00 app[web.1]: ActionView::Template::Error (PG::Error: ERROR:  relation "photos" does not exist
2013-04-15T05:25:24.488114+00:00 app[web.1]:                AND a.attnum > 0 AND NOT a.attisdropped
2013-04-15T05:25:24.488635+00:00 app[web.1]: 
2013-04-15T05:25:24.489854+00:00 heroku[router]: at=info method=GET path=/photos host=still-dusk-6068.herokuapp.com fwd="69.201.156.102" dyno=web.1 connect=3ms service=40ms status=500 bytes=643
2013-04-15T05:25:24.488114+00:00 app[web.1]:                 ON a.attrelid = d.adrelid AND a.attnum = d.adnum
2013-04-15T05:25:24.488635+00:00 app[web.1]: 
2013-04-15T05:25:24.486417+00:00 app[web.1]: Completed 500 Internal Server Error in 6ms
2013-04-15T05:25:24.488114+00:00 app[web.1]: :             SELECT a.attname, format_type(a.atttypid, a.atttypmod),
2013-04-15T05:25:24.488386+00:00 app[web.1]:     16: </div>
2013-04-15T05:25:24.488386+00:00 app[web.1]: ):
2013-04-15T05:25:24.488386+00:00 app[web.1]:     15: 
2013-04-15T05:25:24.488386+00:00 app[web.1]:   app/views/photos/index.html.erb:18:in `_app_views_photos_index_html_erb__1395532515624228381_41179980'
2013-04-15T05:25:24.488386+00:00 app[web.1]:     18: <% @photos.each do |photo| %>
2013-04-15T05:25:24.488386+00:00 app[web.1]:     21: #   randomRot = rand(-5...5)
2013-04-15T05:25:24.488114+00:00 app[web.1]:               FROM pg_attribute a LEFT JOIN pg_attrdef d
2013-04-15T05:25:24.488635+00:00 app[web.1]:   app/controllers/photos_controller.rb:7:in `index'
2013-04-15T05:25:24.488114+00:00 app[web.1]:                                         ^
2013-04-15T05:25:24.488386+00:00 app[web.1]:     19: <% 
2013-04-15T05:25:24.486417+00:00 app[web.1]:   Rendered photos/index.html.erb within layouts/application (4.8ms)
2013-04-15T05:25:24.488114+00:00 app[web.1]:              WHERE a.attrelid = '"photos"'::regclass
2013-04-15T05:25:24.488386+00:00 app[web.1]:     17: <div id="container">
2013-04-15T05:25:24.488114+00:00 app[web.1]: LINE 5:              WHERE a.attrelid = '"photos"'::regclass
2013-04-15T05:25:24.488114+00:00 app[web.1]:                      pg_get_expr(d.adbin, d.adrelid), a.attnotnull, a.atttypid, a.atttypmod
2013-04-15T05:25:24.488114+00:00 app[web.1]: 
2013-04-15T05:25:24.488386+00:00 app[web.1]:              ORDER BY a.attnum
2013-04-15T05:25:24.488386+00:00 app[web.1]:     20:   randomRot = 0
2013-04-15T05:25:24.665310+00:00 heroku[router]: at=info method=GET path=/favicon.ico host=still-dusk-6068.herokuapp.com fwd="69.201.156.102" dyno=web.1 connect=6ms service=74ms status=304 bytes=0
